C:\DOTA2AI\DOTA2AI\DOTA2AI\DEBUG\MAIN.OBJ
C:\DOTA2AI\DOTA2AI\DOTA2AI\DEBUG\VC110.PDB
C:\DOTA2AI\DOTA2AITEST\DOTA2AI\DEBUG\MAIN.OBJ
C:\DOTA2AI\DOTA2AITEST\DOTA2AI\DEBUG\VC110.PDB
C:\DOTA2AI\DOTA2AI\DEBUG\DOTA2AI.ILK
C:\DOTA2AI\DOTA2AI\DEBUG\DOTA2AI.EXE
C:\DOTA2AI\DOTA2AI\DEBUG\DOTA2AI.PDB
C:\Dota2AI\Dota2AItest\Dota2AI\Debug\main.obj
C:\Dota2AI\Dota2AItest\Dota2AI\Debug\cl.command.1.tlog
C:\Dota2AI\Dota2AItest\Dota2AI\Debug\CL.read.1.tlog
C:\Dota2AI\Dota2AItest\Dota2AI\Debug\CL.write.1.tlog
C:\Dota2AI\Dota2AItest\Dota2AI\Debug\link-cvtres.read.1.tlog
C:\Dota2AI\Dota2AItest\Dota2AI\Debug\link-cvtres.write.1.tlog
C:\Dota2AI\Dota2AItest\Dota2AI\Debug\link-rc.read.1.tlog
C:\Dota2AI\Dota2AItest\Dota2AI\Debug\link-rc.write.1.tlog
C:\Dota2AI\Dota2AItest\Dota2AI\Debug\link.2976-cvtres.read.1.tlog
C:\Dota2AI\Dota2AItest\Dota2AI\Debug\link.2976-cvtres.write.1.tlog
C:\Dota2AI\Dota2AItest\Dota2AI\Debug\link.2976-rc.read.1.tlog
C:\Dota2AI\Dota2AItest\Dota2AI\Debug\link.2976-rc.write.1.tlog
C:\Dota2AI\Dota2AItest\Dota2AI\Debug\link.2976.read.1.tlog
C:\Dota2AI\Dota2AItest\Dota2AI\Debug\link.2976.write.1.tlog
C:\Dota2AI\Dota2AItest\Dota2AI\Debug\link.3884-cvtres.read.1.tlog
C:\Dota2AI\Dota2AItest\Dota2AI\Debug\link.3884-cvtres.write.1.tlog
C:\Dota2AI\Dota2AItest\Dota2AI\Debug\link.3884-rc.read.1.tlog
C:\Dota2AI\Dota2AItest\Dota2AI\Debug\link.3884-rc.write.1.tlog
C:\Dota2AI\Dota2AItest\Dota2AI\Debug\link.3884.read.1.tlog
C:\Dota2AI\Dota2AItest\Dota2AI\Debug\link.3884.write.1.tlog
C:\Dota2AI\Dota2AItest\Dota2AI\Debug\link.3948-cvtres.read.1.tlog
C:\Dota2AI\Dota2AItest\Dota2AI\Debug\link.3948-cvtres.write.1.tlog
C:\Dota2AI\Dota2AItest\Dota2AI\Debug\link.3948-rc.read.1.tlog
C:\Dota2AI\Dota2AItest\Dota2AI\Debug\link.3948-rc.write.1.tlog
C:\Dota2AI\Dota2AItest\Dota2AI\Debug\link.3948.read.1.tlog
C:\Dota2AI\Dota2AItest\Dota2AI\Debug\link.3948.write.1.tlog
C:\Dota2AI\Dota2AItest\Dota2AI\Debug\link.4356-cvtres.read.1.tlog
C:\Dota2AI\Dota2AItest\Dota2AI\Debug\link.4356-cvtres.write.1.tlog
C:\Dota2AI\Dota2AItest\Dota2AI\Debug\link.4356-rc.read.1.tlog
C:\Dota2AI\Dota2AItest\Dota2AI\Debug\link.4356-rc.write.1.tlog
C:\Dota2AI\Dota2AItest\Dota2AI\Debug\link.4356.read.1.tlog
C:\Dota2AI\Dota2AItest\Dota2AI\Debug\link.4356.write.1.tlog
C:\Dota2AI\Dota2AItest\Dota2AI\Debug\link.4392-cvtres.read.1.tlog
C:\Dota2AI\Dota2AItest\Dota2AI\Debug\link.4392-cvtres.write.1.tlog
C:\Dota2AI\Dota2AItest\Dota2AI\Debug\link.4392-rc.read.1.tlog
C:\Dota2AI\Dota2AItest\Dota2AI\Debug\link.4392-rc.write.1.tlog
C:\Dota2AI\Dota2AItest\Dota2AI\Debug\link.4392.read.1.tlog
C:\Dota2AI\Dota2AItest\Dota2AI\Debug\link.4392.write.1.tlog
C:\Dota2AI\Dota2AItest\Dota2AI\Debug\link.4996.read.1.tlog
C:\Dota2AI\Dota2AItest\Dota2AI\Debug\link.4996.write.1.tlog
C:\Dota2AI\Dota2AItest\Dota2AI\Debug\link.command.1.tlog
C:\Dota2AI\Dota2AItest\Dota2AI\Debug\link.read.1.tlog
C:\Dota2AI\Dota2AItest\Dota2AI\Debug\link.write.1.tlog
C:\Dota2AI\Dota2AItest\Dota2AI\Debug\vc110.idb
C:\Dota2AI\Dota2AItest\Dota2AI\Debug\vc110.pdb
C:\Dota2AI\Dota2AItest\Debug\Dota2AI.pdb
